{"D:\\projects\\my-app\\src\\index.tsx": {"path":"D:\\projects\\my-app\\src\\index.tsx","statementMap":{"0":{"start":{"line":8,"column":0},"end":{"line":13,"column":2}},"1":{"start":{"line":18,"column":0},"end":{"line":18,"column":18}}},"fnMap":{},"branchMap":{},"s":{"0":0,"1":0},"f":{},"b":{}}
,"D:\\projects\\my-app\\src\\reportWebVitals.ts": {"path":"D:\\projects\\my-app\\src\\reportWebVitals.ts","statementMap":{"0":{"start":{"line":3,"column":24},"end":{"line":13,"column":1}},"1":{"start":{"line":4,"column":2},"end":{"line":12,"column":3}},"2":{"start":{"line":5,"column":4},"end":{"line":11,"column":7}},"3":{"start":{"line":6,"column":6},"end":{"line":6,"column":26}},"4":{"start":{"line":7,"column":6},"end":{"line":7,"column":26}},"5":{"start":{"line":8,"column":6},"end":{"line":8,"column":26}},"6":{"start":{"line":9,"column":6},"end":{"line":9,"column":26}},"7":{"start":{"line":10,"column":6},"end":{"line":10,"column":27}}},"fnMap":{"0":{"name":"(anonymous_0)","decl":{"start":{"line":3,"column":24},"end":{"line":3,"column":25}},"loc":{"start":{"line":3,"column":57},"end":{"line":13,"column":1}},"line":3},"1":{"name":"(anonymous_1)","decl":{"start":{"line":5,"column":30},"end":{"line":5,"column":31}},"loc":{"start":{"line":5,"column":79},"end":{"line":11,"column":5}},"line":5}},"branchMap":{"0":{"loc":{"start":{"line":4,"column":2},"end":{"line":12,"column":3}},"type":"if","locations":[{"start":{"line":4,"column":2},"end":{"line":12,"column":3}},{"start":{"line":4,"column":2},"end":{"line":12,"column":3}}],"line":4},"1":{"loc":{"start":{"line":4,"column":6},"end":{"line":4,"column":52}},"type":"binary-expr","locations":[{"start":{"line":4,"column":6},"end":{"line":4,"column":17}},{"start":{"line":4,"column":21},"end":{"line":4,"column":52}}],"line":4}},"s":{"0":0,"1":0,"2":0,"3":0,"4":0,"5":0,"6":0,"7":0},"f":{"0":0,"1":0},"b":{"0":[0,0],"1":[0,0]}}
,"D:\\projects\\my-app\\src\\app\\App.tsx": {"path":"D:\\projects\\my-app\\src\\app\\App.tsx","statementMap":{"0":{"start":{"line":11,"column":28},"end":{"line":14,"column":26}},"1":{"start":{"line":13,"column":20},"end":{"line":13,"column":24}},"2":{"start":{"line":18,"column":8},"end":{"line":18,"column":21}},"3":{"start":{"line":19,"column":8},"end":{"line":22,"column":33}},"4":{"start":{"line":21,"column":39},"end":{"line":21,"column":59}},"5":{"start":{"line":25,"column":8},"end":{"line":25,"column":23}},"6":{"start":{"line":29,"column":29},"end":{"line":29,"column":47}},"7":{"start":{"line":30,"column":21},"end":{"line":30,"column":50}},"8":{"start":{"line":31,"column":25},"end":{"line":34,"column":9}},"9":{"start":{"line":33,"column":39},"end":{"line":33,"column":59}},"10":{"start":{"line":35,"column":8},"end":{"line":35,"column":32}},"11":{"start":{"line":39,"column":20},"end":{"line":39,"column":49}},"12":{"start":{"line":40,"column":8},"end":{"line":40,"column":44}},"13":{"start":{"line":44,"column":8},"end":{"line":54,"column":10}},"14":{"start":{"line":49,"column":64},"end":{"line":49,"column":84}},"15":{"start":{"line":49,"column":113},"end":{"line":49,"column":133}}},"fnMap":{"0":{"name":"(anonymous_0)","decl":{"start":{"line":13,"column":14},"end":{"line":13,"column":15}},"loc":{"start":{"line":13,"column":20},"end":{"line":13,"column":24}},"line":13},"1":{"name":"(anonymous_1)","decl":{"start":{"line":17,"column":4},"end":{"line":17,"column":5}},"loc":{"start":{"line":17,"column":28},"end":{"line":23,"column":5}},"line":17},"2":{"name":"(anonymous_2)","decl":{"start":{"line":21,"column":22},"end":{"line":21,"column":23}},"loc":{"start":{"line":21,"column":39},"end":{"line":21,"column":59}},"line":21},"3":{"name":"(anonymous_3)","decl":{"start":{"line":24,"column":4},"end":{"line":24,"column":5}},"loc":{"start":{"line":24,"column":27},"end":{"line":26,"column":5}},"line":24},"4":{"name":"(anonymous_4)","decl":{"start":{"line":28,"column":4},"end":{"line":28,"column":5}},"loc":{"start":{"line":28,"column":20},"end":{"line":36,"column":5}},"line":28},"5":{"name":"(anonymous_5)","decl":{"start":{"line":33,"column":22},"end":{"line":33,"column":23}},"loc":{"start":{"line":33,"column":39},"end":{"line":33,"column":59}},"line":33},"6":{"name":"(anonymous_6)","decl":{"start":{"line":38,"column":4},"end":{"line":38,"column":5}},"loc":{"start":{"line":38,"column":39},"end":{"line":41,"column":5}},"line":38},"7":{"name":"(anonymous_7)","decl":{"start":{"line":43,"column":4},"end":{"line":43,"column":5}},"loc":{"start":{"line":43,"column":13},"end":{"line":55,"column":5}},"line":43},"8":{"name":"(anonymous_8)","decl":{"start":{"line":49,"column":47},"end":{"line":49,"column":48}},"loc":{"start":{"line":49,"column":64},"end":{"line":49,"column":84}},"line":49},"9":{"name":"(anonymous_9)","decl":{"start":{"line":49,"column":96},"end":{"line":49,"column":97}},"loc":{"start":{"line":49,"column":113},"end":{"line":49,"column":133}},"line":49}},"branchMap":{},"s":{"0":2,"1":0,"2":5,"3":5,"4":0,"5":2,"6":2,"7":2,"8":1,"9":0,"10":1,"11":3,"12":3,"13":9,"14":0,"15":0},"f":{"0":0,"1":5,"2":0,"3":2,"4":2,"5":0,"6":3,"7":9,"8":0,"9":0},"b":{},"_coverageSchema":"1a1c01bbd47fc00a2c39e90264f33305004495a9","hash":"25c6eac4279c91d9b5417f8cfb50e61f4da5a872"}
,"D:\\projects\\my-app\\src\\app\\routes.tsx": {"path":"D:\\projects\\my-app\\src\\app\\routes.tsx","statementMap":{"0":{"start":{"line":3,"column":15},"end":{"line":9,"column":1}},"1":{"start":{"line":7,"column":21},"end":{"line":7,"column":34}}},"fnMap":{"0":{"name":"(anonymous_0)","decl":{"start":{"line":7,"column":15},"end":{"line":7,"column":16}},"loc":{"start":{"line":7,"column":21},"end":{"line":7,"column":34}},"line":7}},"branchMap":{},"s":{"0":0,"1":0},"f":{"0":0},"b":{}}
,"D:\\projects\\my-app\\src\\app\\core\\interfaces\\todo.interface.ts": {"path":"D:\\projects\\my-app\\src\\app\\core\\interfaces\\todo.interface.ts","statementMap":{},"fnMap":{},"branchMap":{},"s":{},"f":{},"b":{}}
,"D:\\projects\\my-app\\src\\app\\core\\redux\\index.ts": {"path":"D:\\projects\\my-app\\src\\app\\core\\redux\\index.ts","statementMap":{},"fnMap":{},"branchMap":{},"s":{},"f":{},"b":{}}
,"D:\\projects\\my-app\\src\\app\\core\\redux\\redux-form\\store.ts": {"path":"D:\\projects\\my-app\\src\\app\\core\\redux\\redux-form\\store.ts","statementMap":{"0":{"start":{"line":4,"column":16},"end":{"line":6,"column":2}},"1":{"start":{"line":7,"column":14},"end":{"line":7,"column":34}}},"fnMap":{},"branchMap":{},"s":{"0":2,"1":2},"f":{},"b":{},"_coverageSchema":"1a1c01bbd47fc00a2c39e90264f33305004495a9","hash":"2f0be3096aa406824c2f89b4d0ae47caecc482ed"}
,"D:\\projects\\my-app\\src\\app\\core\\redux\\redux-form\\sync-validation-form.ts": {"path":"D:\\projects\\my-app\\src\\app\\core\\redux\\redux-form\\sync-validation-form.ts","statementMap":{"0":{"start":{"line":1,"column":24},"end":{"line":9,"column":1}},"1":{"start":{"line":2,"column":19},"end":{"line":2,"column":28}},"2":{"start":{"line":3,"column":4},"end":{"line":7,"column":5}},"3":{"start":{"line":4,"column":8},"end":{"line":4,"column":33}},"4":{"start":{"line":5,"column":11},"end":{"line":7,"column":5}},"5":{"start":{"line":6,"column":8},"end":{"line":6,"column":54}},"6":{"start":{"line":8,"column":4},"end":{"line":8,"column":17}}},"fnMap":{"0":{"name":"(anonymous_0)","decl":{"start":{"line":1,"column":24},"end":{"line":1,"column":25}},"loc":{"start":{"line":1,"column":41},"end":{"line":9,"column":1}},"line":1}},"branchMap":{"0":{"loc":{"start":{"line":3,"column":4},"end":{"line":7,"column":5}},"type":"if","locations":[{"start":{"line":3,"column":4},"end":{"line":7,"column":5}},{"start":{"line":3,"column":4},"end":{"line":7,"column":5}}],"line":3},"1":{"loc":{"start":{"line":5,"column":11},"end":{"line":7,"column":5}},"type":"if","locations":[{"start":{"line":5,"column":11},"end":{"line":7,"column":5}},{"start":{"line":5,"column":11},"end":{"line":7,"column":5}}],"line":5}},"s":{"0":3,"1":2,"2":2,"3":2,"4":0,"5":0,"6":2},"f":{"0":2},"b":{"0":[2,0],"1":[0,0]},"_coverageSchema":"1a1c01bbd47fc00a2c39e90264f33305004495a9","hash":"f7baeebf1c2e3bdf2811c465c7a2b5d73085e21b"}
,"D:\\projects\\my-app\\src\\app\\core\\redux\\todos\\index.ts": {"path":"D:\\projects\\my-app\\src\\app\\core\\redux\\todos\\index.ts","statementMap":{},"fnMap":{},"branchMap":{},"s":{},"f":{},"b":{},"_coverageSchema":"1a1c01bbd47fc00a2c39e90264f33305004495a9","hash":"9809867422c237fe9d3d68fa0a10136a130fc279"}
,"D:\\projects\\my-app\\src\\app\\core\\redux\\todos\\todos.action.ts": {"path":"D:\\projects\\my-app\\src\\app\\core\\redux\\todos\\todos.action.ts","statementMap":{"0":{"start":{"line":10,"column":27},"end":{"line":10,"column":42}},"1":{"start":{"line":16,"column":27},"end":{"line":16,"column":43}},"2":{"start":{"line":22,"column":27},"end":{"line":22,"column":45}}},"fnMap":{"0":{"name":"(anonymous_0)","decl":{"start":{"line":11,"column":4},"end":{"line":11,"column":5}},"loc":{"start":{"line":12,"column":32},"end":{"line":12,"column":34}},"line":12},"1":{"name":"(anonymous_1)","decl":{"start":{"line":17,"column":4},"end":{"line":17,"column":5}},"loc":{"start":{"line":18,"column":32},"end":{"line":18,"column":34}},"line":18},"2":{"name":"(anonymous_2)","decl":{"start":{"line":23,"column":4},"end":{"line":23,"column":5}},"loc":{"start":{"line":24,"column":31},"end":{"line":24,"column":33}},"line":24}},"branchMap":{},"s":{"0":1,"1":1,"2":1},"f":{"0":1,"1":1,"2":1},"b":{},"_coverageSchema":"1a1c01bbd47fc00a2c39e90264f33305004495a9","hash":"48271f0370a4bf7334f3753dfd6bc1fd5f2af5bb"}
,"D:\\projects\\my-app\\src\\app\\core\\redux\\todos\\todos.reducer.ts": {"path":"D:\\projects\\my-app\\src\\app\\core\\redux\\todos\\todos.reducer.ts","statementMap":{"0":{"start":{"line":5,"column":28},"end":{"line":5,"column":44}},"1":{"start":{"line":7,"column":14},"end":{"line":28,"column":1}},"2":{"start":{"line":8,"column":4},"end":{"line":27,"column":5}},"3":{"start":{"line":10,"column":28},"end":{"line":10,"column":52}},"4":{"start":{"line":11,"column":12},"end":{"line":11,"column":54}},"5":{"start":{"line":12,"column":12},"end":{"line":12,"column":57}},"6":{"start":{"line":13,"column":12},"end":{"line":13,"column":27}},"7":{"start":{"line":15,"column":32},"end":{"line":15,"column":56}},"8":{"start":{"line":16,"column":30},"end":{"line":16,"column":88}},"9":{"start":{"line":16,"column":61},"end":{"line":16,"column":87}},"10":{"start":{"line":17,"column":12},"end":{"line":19,"column":13}},"11":{"start":{"line":18,"column":16},"end":{"line":18,"column":52}},"12":{"start":{"line":20,"column":12},"end":{"line":20,"column":31}},"13":{"start":{"line":22,"column":29},"end":{"line":22,"column":53}},"14":{"start":{"line":23,"column":12},"end":{"line":23,"column":85}},"15":{"start":{"line":23,"column":59},"end":{"line":23,"column":84}},"16":{"start":{"line":24,"column":12},"end":{"line":24,"column":28}},"17":{"start":{"line":26,"column":12},"end":{"line":26,"column":24}}},"fnMap":{"0":{"name":"(anonymous_0)","decl":{"start":{"line":7,"column":14},"end":{"line":7,"column":15}},"loc":{"start":{"line":7,"column":67},"end":{"line":28,"column":1}},"line":7},"1":{"name":"(anonymous_1)","decl":{"start":{"line":16,"column":53},"end":{"line":16,"column":54}},"loc":{"start":{"line":16,"column":61},"end":{"line":16,"column":87}},"line":16},"2":{"name":"(anonymous_2)","decl":{"start":{"line":23,"column":51},"end":{"line":23,"column":52}},"loc":{"start":{"line":23,"column":59},"end":{"line":23,"column":84}},"line":23}},"branchMap":{"0":{"loc":{"start":{"line":7,"column":15},"end":{"line":7,"column":35}},"type":"default-arg","locations":[{"start":{"line":7,"column":23},"end":{"line":7,"column":35}}],"line":7},"1":{"loc":{"start":{"line":8,"column":4},"end":{"line":27,"column":5}},"type":"switch","locations":[{"start":{"line":9,"column":8},"end":{"line":13,"column":27}},{"start":{"line":14,"column":8},"end":{"line":20,"column":31}},{"start":{"line":21,"column":8},"end":{"line":24,"column":28}},{"start":{"line":25,"column":8},"end":{"line":26,"column":24}}],"line":8},"2":{"loc":{"start":{"line":17,"column":12},"end":{"line":19,"column":13}},"type":"if","locations":[{"start":{"line":17,"column":12},"end":{"line":19,"column":13}},{"start":{"line":17,"column":12},"end":{"line":19,"column":13}}],"line":17}},"s":{"0":3,"1":3,"2":3,"3":1,"4":1,"5":1,"6":1,"7":1,"8":1,"9":2,"10":1,"11":1,"12":1,"13":1,"14":1,"15":3,"16":1,"17":0},"f":{"0":3,"1":2,"2":3},"b":{"0":[0],"1":[1,1,1,0],"2":[1,0]},"_coverageSchema":"1a1c01bbd47fc00a2c39e90264f33305004495a9","hash":"de2d58112df62dd90574000900d342337a756e61"}
,"D:\\projects\\my-app\\src\\app\\core\\redux\\todos\\todos.states.ts": {"path":"D:\\projects\\my-app\\src\\app\\core\\redux\\todos\\todos.states.ts","statementMap":{},"fnMap":{},"branchMap":{},"s":{},"f":{},"b":{},"_coverageSchema":"1a1c01bbd47fc00a2c39e90264f33305004495a9","hash":"b4e4ee71ce43fb75805a62ac86941c8abbb6f75d"}
,"D:\\projects\\my-app\\src\\app\\core\\services\\todos.service.ts": {"path":"D:\\projects\\my-app\\src\\app\\core\\services\\todos.service.ts","statementMap":{"0":{"start":{"line":3,"column":4},"end":{"line":3,"column":105}},"1":{"start":{"line":3,"column":93},"end":{"line":3,"column":103}}},"fnMap":{"0":{"name":"(anonymous_0)","decl":{"start":{"line":2,"column":2},"end":{"line":2,"column":3}},"loc":{"start":{"line":2,"column":13},"end":{"line":4,"column":3}},"line":2},"1":{"name":"(anonymous_1)","decl":{"start":{"line":3,"column":86},"end":{"line":3,"column":87}},"loc":{"start":{"line":3,"column":93},"end":{"line":3,"column":103}},"line":3}},"branchMap":{},"s":{"0":3,"1":2},"f":{"0":3,"1":2},"b":{},"_coverageSchema":"1a1c01bbd47fc00a2c39e90264f33305004495a9","hash":"811dd6e5851c8ed5f2c75c418e10b156b39c3090"}
,"D:\\projects\\my-app\\src\\app\\todo-add-item\\todo-add-item.tsx": {"path":"D:\\projects\\my-app\\src\\app\\todo-add-item\\todo-add-item.tsx","statementMap":{"0":{"start":{"line":9,"column":8},"end":{"line":9,"column":21}},"1":{"start":{"line":10,"column":8},"end":{"line":10,"column":33}},"2":{"start":{"line":11,"column":8},"end":{"line":11,"column":57}},"3":{"start":{"line":15,"column":8},"end":{"line":15,"column":78}},"4":{"start":{"line":19,"column":27},"end":{"line":19,"column":37}},"5":{"start":{"line":21,"column":8},"end":{"line":29,"column":9}},"6":{"start":{"line":22,"column":26},"end":{"line":22,"column":35}},"7":{"start":{"line":23,"column":12},"end":{"line":28,"column":16}},"8":{"start":{"line":33,"column":24},"end":{"line":33,"column":34}},"9":{"start":{"line":34,"column":8},"end":{"line":34,"column":26}},"10":{"start":{"line":35,"column":8},"end":{"line":35,"column":16}},"11":{"start":{"line":39,"column":28},"end":{"line":50,"column":9}},"12":{"start":{"line":40,"column":12},"end":{"line":49,"column":18}},"13":{"start":{"line":51,"column":31},"end":{"line":51,"column":41}},"14":{"start":{"line":52,"column":8},"end":{"line":64,"column":10}},"15":{"start":{"line":69,"column":0},"end":{"line":72,"column":23}}},"fnMap":{"0":{"name":"(anonymous_0)","decl":{"start":{"line":8,"column":4},"end":{"line":8,"column":5}},"loc":{"start":{"line":8,"column":28},"end":{"line":12,"column":5}},"line":8},"1":{"name":"(anonymous_1)","decl":{"start":{"line":14,"column":4},"end":{"line":14,"column":5}},"loc":{"start":{"line":14,"column":29},"end":{"line":16,"column":5}},"line":14},"2":{"name":"(anonymous_2)","decl":{"start":{"line":18,"column":4},"end":{"line":18,"column":5}},"loc":{"start":{"line":18,"column":23},"end":{"line":30,"column":5}},"line":18},"3":{"name":"(anonymous_3)","decl":{"start":{"line":32,"column":4},"end":{"line":32,"column":5}},"loc":{"start":{"line":32,"column":28},"end":{"line":36,"column":5}},"line":32},"4":{"name":"(anonymous_4)","decl":{"start":{"line":38,"column":4},"end":{"line":38,"column":5}},"loc":{"start":{"line":38,"column":13},"end":{"line":65,"column":5}},"line":38},"5":{"name":"(anonymous_5)","decl":{"start":{"line":39,"column":28},"end":{"line":39,"column":29}},"loc":{"start":{"line":40,"column":12},"end":{"line":49,"column":18}},"line":40}},"branchMap":{"0":{"loc":{"start":{"line":15,"column":30},"end":{"line":15,"column":75}},"type":"cond-expr","locations":[{"start":{"line":15,"column":52},"end":{"line":15,"column":70}},{"start":{"line":15,"column":73},"end":{"line":15,"column":75}}],"line":15},"1":{"loc":{"start":{"line":21,"column":8},"end":{"line":29,"column":9}},"type":"if","locations":[{"start":{"line":21,"column":8},"end":{"line":29,"column":9}},{"start":{"line":21,"column":8},"end":{"line":29,"column":9}}],"line":21},"2":{"loc":{"start":{"line":44,"column":21},"end":{"line":47,"column":74}},"type":"binary-expr","locations":[{"start":{"line":44,"column":21},"end":{"line":44,"column":35}},{"start":{"line":45,"column":22},"end":{"line":45,"column":34}},{"start":{"line":46,"column":24},"end":{"line":46,"column":88}},{"start":{"line":47,"column":25},"end":{"line":47,"column":39}},{"start":{"line":47,"column":43},"end":{"line":47,"column":72}}],"line":44}},"s":{"0":1,"1":1,"2":1,"3":0,"4":0,"5":0,"6":0,"7":0,"8":0,"9":0,"10":0,"11":2,"12":2,"13":2,"14":2,"15":3},"f":{"0":1,"1":0,"2":0,"3":0,"4":2,"5":2},"b":{"0":[0,0],"1":[0,0],"2":[2,0,0,0,0]},"_coverageSchema":"1a1c01bbd47fc00a2c39e90264f33305004495a9","hash":"8245ed82e087b5ed8b3a73198f7843744d9c2dac"}
,"D:\\projects\\my-app\\src\\app\\todo-item\\todo-item.tsx": {"path":"D:\\projects\\my-app\\src\\app\\todo-item\\todo-item.tsx","statementMap":{"0":{"start":{"line":6,"column":8},"end":{"line":6,"column":21}},"1":{"start":{"line":7,"column":8},"end":{"line":10,"column":9}},"2":{"start":{"line":11,"column":8},"end":{"line":11,"column":57}},"3":{"start":{"line":12,"column":8},"end":{"line":12,"column":73}},"4":{"start":{"line":16,"column":22},"end":{"line":21,"column":9}},"5":{"start":{"line":22,"column":8},"end":{"line":24,"column":11}},"6":{"start":{"line":28,"column":22},"end":{"line":33,"column":9}},"7":{"start":{"line":34,"column":8},"end":{"line":36,"column":11}},"8":{"start":{"line":40,"column":8},"end":{"line":40,"column":32}},"9":{"start":{"line":44,"column":8},"end":{"line":44,"column":41}},"10":{"start":{"line":45,"column":8},"end":{"line":45,"column":29}},"11":{"start":{"line":49,"column":8},"end":{"line":49,"column":40}},"12":{"start":{"line":53,"column":22},"end":{"line":55,"column":51}},"13":{"start":{"line":54,"column":71},"end":{"line":54,"column":95}},"14":{"start":{"line":56,"column":23},"end":{"line":58,"column":113}},"15":{"start":{"line":57,"column":83},"end":{"line":57,"column":102}},"16":{"start":{"line":58,"column":83},"end":{"line":58,"column":98}},"17":{"start":{"line":59,"column":8},"end":{"line":69,"column":10}},"18":{"start":{"line":62,"column":73},"end":{"line":62,"column":105}},"19":{"start":{"line":67,"column":63},"end":{"line":67,"column":95}}},"fnMap":{"0":{"name":"(anonymous_0)","decl":{"start":{"line":5,"column":4},"end":{"line":5,"column":5}},"loc":{"start":{"line":5,"column":28},"end":{"line":13,"column":5}},"line":5},"1":{"name":"(anonymous_1)","decl":{"start":{"line":15,"column":4},"end":{"line":15,"column":5}},"loc":{"start":{"line":15,"column":29},"end":{"line":25,"column":5}},"line":15},"2":{"name":"(anonymous_2)","decl":{"start":{"line":27,"column":4},"end":{"line":27,"column":5}},"loc":{"start":{"line":27,"column":37},"end":{"line":37,"column":5}},"line":27},"3":{"name":"(anonymous_3)","decl":{"start":{"line":39,"column":4},"end":{"line":39,"column":5}},"loc":{"start":{"line":39,"column":34},"end":{"line":41,"column":5}},"line":39},"4":{"name":"(anonymous_4)","decl":{"start":{"line":43,"column":4},"end":{"line":43,"column":5}},"loc":{"start":{"line":43,"column":23},"end":{"line":46,"column":5}},"line":43},"5":{"name":"(anonymous_5)","decl":{"start":{"line":48,"column":4},"end":{"line":48,"column":5}},"loc":{"start":{"line":48,"column":37},"end":{"line":50,"column":5}},"line":48},"6":{"name":"(anonymous_6)","decl":{"start":{"line":52,"column":4},"end":{"line":52,"column":5}},"loc":{"start":{"line":52,"column":13},"end":{"line":70,"column":5}},"line":52},"7":{"name":"(anonymous_7)","decl":{"start":{"line":54,"column":60},"end":{"line":54,"column":61}},"loc":{"start":{"line":54,"column":71},"end":{"line":54,"column":95}},"line":54},"8":{"name":"(anonymous_8)","decl":{"start":{"line":57,"column":71},"end":{"line":57,"column":72}},"loc":{"start":{"line":57,"column":83},"end":{"line":57,"column":102}},"line":57},"9":{"name":"(anonymous_9)","decl":{"start":{"line":58,"column":71},"end":{"line":58,"column":72}},"loc":{"start":{"line":58,"column":83},"end":{"line":58,"column":98}},"line":58},"10":{"name":"(anonymous_10)","decl":{"start":{"line":62,"column":62},"end":{"line":62,"column":63}},"loc":{"start":{"line":62,"column":73},"end":{"line":62,"column":105}},"line":62},"11":{"name":"(anonymous_11)","decl":{"start":{"line":67,"column":51},"end":{"line":67,"column":52}},"loc":{"start":{"line":67,"column":63},"end":{"line":67,"column":95}},"line":67}},"branchMap":{"0":{"loc":{"start":{"line":53,"column":22},"end":{"line":55,"column":51}},"type":"cond-expr","locations":[{"start":{"line":54,"column":12},"end":{"line":54,"column":110}},{"start":{"line":55,"column":12},"end":{"line":55,"column":51}}],"line":53},"1":{"loc":{"start":{"line":56,"column":23},"end":{"line":58,"column":113}},"type":"cond-expr","locations":[{"start":{"line":57,"column":12},"end":{"line":57,"column":117}},{"start":{"line":58,"column":12},"end":{"line":58,"column":113}}],"line":56},"2":{"loc":{"start":{"line":64,"column":21},"end":{"line":64,"column":64}},"type":"cond-expr","locations":[{"start":{"line":64,"column":51},"end":{"line":64,"column":57}},{"start":{"line":64,"column":60},"end":{"line":64,"column":64}}],"line":64},"3":{"loc":{"start":{"line":66,"column":17},"end":{"line":67,"column":114}},"type":"cond-expr","locations":[{"start":{"line":67,"column":20},"end":{"line":67,"column":107}},{"start":{"line":67,"column":110},"end":{"line":67,"column":114}}],"line":66}},"s":{"0":2,"1":2,"2":2,"3":2,"4":0,"5":0,"6":0,"7":0,"8":0,"9":1,"10":1,"11":2,"12":4,"13":0,"14":4,"15":1,"16":1,"17":4,"18":0,"19":0},"f":{"0":2,"1":0,"2":0,"3":0,"4":1,"5":2,"6":4,"7":0,"8":1,"9":1,"10":0,"11":0},"b":{"0":[1,3],"1":[3,1],"2":[4,0],"3":[4,0]},"_coverageSchema":"1a1c01bbd47fc00a2c39e90264f33305004495a9","hash":"bc2f8599cec1a4787dbd493810c849e5ff66b0d2"}
,"D:\\projects\\my-app\\src\\app\\todos-lists\\todos-lists.tsx": {"path":"D:\\projects\\my-app\\src\\app\\todos-lists\\todos-lists.tsx","statementMap":{"0":{"start":{"line":12,"column":30},"end":{"line":12,"column":54}},"1":{"start":{"line":13,"column":23},"end":{"line":15,"column":5}},"2":{"start":{"line":14,"column":8},"end":{"line":14,"column":53}},"3":{"start":{"line":17,"column":21},"end":{"line":19,"column":5}},"4":{"start":{"line":18,"column":8},"end":{"line":18,"column":53}},"5":{"start":{"line":21,"column":19},"end":{"line":27,"column":6}},"6":{"start":{"line":22,"column":8},"end":{"line":26,"column":10}},"7":{"start":{"line":28,"column":4},"end":{"line":32,"column":6}}},"fnMap":{"0":{"name":"TodosLists","decl":{"start":{"line":11,"column":9},"end":{"line":11,"column":19}},"loc":{"start":{"line":11,"column":36},"end":{"line":33,"column":1}},"line":11},"1":{"name":"(anonymous_1)","decl":{"start":{"line":13,"column":23},"end":{"line":13,"column":24}},"loc":{"start":{"line":13,"column":39},"end":{"line":15,"column":5}},"line":13},"2":{"name":"(anonymous_2)","decl":{"start":{"line":17,"column":21},"end":{"line":17,"column":22}},"loc":{"start":{"line":17,"column":42},"end":{"line":19,"column":5}},"line":17},"3":{"name":"(anonymous_3)","decl":{"start":{"line":21,"column":30},"end":{"line":21,"column":31}},"loc":{"start":{"line":21,"column":38},"end":{"line":27,"column":5}},"line":21}},"branchMap":{},"s":{"0":3,"1":3,"2":0,"3":3,"4":0,"5":3,"6":0,"7":3},"f":{"0":3,"1":0,"2":0,"3":0},"b":{},"_coverageSchema":"1a1c01bbd47fc00a2c39e90264f33305004495a9","hash":"c78a07fcd4e83d2e4ddb6fec77341d1155fb730d"}
}
