TN:
SF:src\index.tsx
FNF:0
FNH:0
DA:8,0
DA:18,0
LF:2
LH:0
BRF:0
BRH:0
end_of_record
TN:
SF:src\reportWebVitals.ts
FN:3,(anonymous_0)
FN:5,(anonymous_1)
FNF:2
FNH:0
FNDA:0,(anonymous_0)
FNDA:0,(anonymous_1)
DA:3,0
DA:4,0
DA:5,0
DA:6,0
DA:7,0
DA:8,0
DA:9,0
DA:10,0
LF:8
LH:0
BRDA:4,0,0,0
BRDA:4,0,1,0
BRDA:4,1,0,0
BRDA:4,1,1,0
BRF:4
BRH:0
end_of_record
TN:
SF:src\app\App.tsx
FN:13,(anonymous_0)
FN:17,(anonymous_1)
FN:21,(anonymous_2)
FN:24,(anonymous_3)
FN:28,(anonymous_4)
FN:33,(anonymous_5)
FN:38,(anonymous_6)
FN:43,(anonymous_7)
FN:49,(anonymous_8)
FN:49,(anonymous_9)
FNF:10
FNH:5
FNDA:0,(anonymous_0)
FNDA:5,(anonymous_1)
FNDA:0,(anonymous_2)
FNDA:2,(anonymous_3)
FNDA:2,(anonymous_4)
FNDA:0,(anonymous_5)
FNDA:3,(anonymous_6)
FNDA:9,(anonymous_7)
FNDA:0,(anonymous_8)
FNDA:0,(anonymous_9)
DA:11,2
DA:13,0
DA:18,5
DA:19,5
DA:21,0
DA:25,2
DA:29,2
DA:30,2
DA:31,1
DA:33,0
DA:35,1
DA:39,3
DA:40,3
DA:44,9
DA:49,0
LF:15
LH:11
BRF:0
BRH:0
end_of_record
TN:
SF:src\app\routes.tsx
FN:7,(anonymous_0)
FNF:1
FNH:0
FNDA:0,(anonymous_0)
DA:3,0
DA:7,0
LF:2
LH:0
BRF:0
BRH:0
end_of_record
TN:
SF:src\app\core\interfaces\todo.interface.ts
FNF:0
FNH:0
LF:0
LH:0
BRF:0
BRH:0
end_of_record
TN:
SF:src\app\core\redux\index.ts
FNF:0
FNH:0
LF:0
LH:0
BRF:0
BRH:0
end_of_record
TN:
SF:src\app\core\redux\redux-form\store.ts
FNF:0
FNH:0
DA:4,2
DA:7,2
LF:2
LH:2
BRF:0
BRH:0
end_of_record
TN:
SF:src\app\core\redux\redux-form\sync-validation-form.ts
FN:1,(anonymous_0)
FNF:1
FNH:1
FNDA:2,(anonymous_0)
DA:1,3
DA:2,2
DA:3,2
DA:4,2
DA:5,0
DA:6,0
DA:8,2
LF:7
LH:5
BRDA:3,0,0,2
BRDA:3,0,1,0
BRDA:5,1,0,0
BRDA:5,1,1,0
BRF:4
BRH:1
end_of_record
TN:
SF:src\app\core\redux\todos\index.ts
FNF:0
FNH:0
LF:0
LH:0
BRF:0
BRH:0
end_of_record
TN:
SF:src\app\core\redux\todos\todos.action.ts
FN:11,(anonymous_0)
FN:17,(anonymous_1)
FN:23,(anonymous_2)
FNF:3
FNH:3
FNDA:1,(anonymous_0)
FNDA:1,(anonymous_1)
FNDA:1,(anonymous_2)
DA:10,1
DA:16,1
DA:22,1
LF:3
LH:3
BRF:0
BRH:0
end_of_record
TN:
SF:src\app\core\redux\todos\todos.reducer.ts
FN:7,(anonymous_0)
FN:16,(anonymous_1)
FN:23,(anonymous_2)
FNF:3
FNH:3
FNDA:3,(anonymous_0)
FNDA:2,(anonymous_1)
FNDA:3,(anonymous_2)
DA:5,3
DA:7,3
DA:8,3
DA:10,1
DA:11,1
DA:12,1
DA:13,1
DA:15,1
DA:16,2
DA:17,1
DA:18,1
DA:20,1
DA:22,1
DA:23,3
DA:24,1
DA:26,0
LF:16
LH:15
BRDA:7,0,0,0
BRDA:8,1,0,1
BRDA:8,1,1,1
BRDA:8,1,2,1
BRDA:8,1,3,0
BRDA:17,2,0,1
BRDA:17,2,1,0
BRF:7
BRH:4
end_of_record
TN:
SF:src\app\core\redux\todos\todos.states.ts
FNF:0
FNH:0
LF:0
LH:0
BRF:0
BRH:0
end_of_record
TN:
SF:src\app\core\services\todos.service.ts
FN:2,(anonymous_0)
FN:3,(anonymous_1)
FNF:2
FNH:2
FNDA:3,(anonymous_0)
FNDA:2,(anonymous_1)
DA:3,3
LF:1
LH:1
BRF:0
BRH:0
end_of_record
TN:
SF:src\app\todo-add-item\todo-add-item.tsx
FN:8,(anonymous_0)
FN:14,(anonymous_1)
FN:18,(anonymous_2)
FN:32,(anonymous_3)
FN:38,(anonymous_4)
FN:39,(anonymous_5)
FNF:6
FNH:3
FNDA:1,(anonymous_0)
FNDA:0,(anonymous_1)
FNDA:0,(anonymous_2)
FNDA:0,(anonymous_3)
FNDA:2,(anonymous_4)
FNDA:2,(anonymous_5)
DA:9,1
DA:10,1
DA:11,1
DA:15,0
DA:19,0
DA:21,0
DA:22,0
DA:23,0
DA:33,0
DA:34,0
DA:35,0
DA:39,2
DA:40,2
DA:51,2
DA:52,2
DA:69,3
LF:16
LH:8
BRDA:15,0,0,0
BRDA:15,0,1,0
BRDA:21,1,0,0
BRDA:21,1,1,0
BRDA:44,2,0,2
BRDA:44,2,1,0
BRDA:44,2,2,0
BRDA:44,2,3,0
BRDA:44,2,4,0
BRF:9
BRH:1
end_of_record
TN:
SF:src\app\todo-item\todo-item.tsx
FN:5,(anonymous_0)
FN:15,(anonymous_1)
FN:27,(anonymous_2)
FN:39,(anonymous_3)
FN:43,(anonymous_4)
FN:48,(anonymous_5)
FN:52,(anonymous_6)
FN:54,(anonymous_7)
FN:57,(anonymous_8)
FN:58,(anonymous_9)
FN:62,(anonymous_10)
FN:67,(anonymous_11)
FNF:12
FNH:6
FNDA:2,(anonymous_0)
FNDA:0,(anonymous_1)
FNDA:0,(anonymous_2)
FNDA:0,(anonymous_3)
FNDA:1,(anonymous_4)
FNDA:2,(anonymous_5)
FNDA:4,(anonymous_6)
FNDA:0,(anonymous_7)
FNDA:1,(anonymous_8)
FNDA:1,(anonymous_9)
FNDA:0,(anonymous_10)
FNDA:0,(anonymous_11)
DA:6,2
DA:7,2
DA:11,2
DA:12,2
DA:16,0
DA:22,0
DA:28,0
DA:34,0
DA:40,0
DA:44,1
DA:45,1
DA:49,2
DA:53,4
DA:54,0
DA:56,4
DA:57,1
DA:58,1
DA:59,4
DA:62,0
DA:67,0
LF:20
LH:12
BRDA:53,0,0,1
BRDA:53,0,1,3
BRDA:56,1,0,3
BRDA:56,1,1,1
BRDA:64,2,0,4
BRDA:64,2,1,0
BRDA:66,3,0,4
BRDA:66,3,1,0
BRF:8
BRH:6
end_of_record
TN:
SF:src\app\todos-lists\todos-lists.tsx
FN:11,TodosLists
FN:13,(anonymous_1)
FN:17,(anonymous_2)
FN:21,(anonymous_3)
FNF:4
FNH:1
FNDA:3,TodosLists
FNDA:0,(anonymous_1)
FNDA:0,(anonymous_2)
FNDA:0,(anonymous_3)
DA:12,3
DA:13,3
DA:14,0
DA:17,3
DA:18,0
DA:21,3
DA:22,0
DA:28,3
LF:8
LH:5
BRF:0
BRH:0
end_of_record
